name	taxonomy_id	taxonomy_lvl	kraken_assigned_reads	added_reads	new_est_reads	fraction_total_reads
Bacteroides uniformis	820	S	1112705	1081692	2194397	0.12561
Bacteroides cellulosilyticus	246787	S	752612	514510	1267122	0.07253
Bacteroides thetaiotaomicron	818	S	663928	140290	804218	0.04604
Bacteroides fragilis	817	S	506176	460723	966899	0.05535
Bacteroides sp. HF-162	2785531	S	12271	127476	139747	0.00800
Bacteroides sp. CACC 737	2755405	S	8911	45167	54078	0.00310
Bacteroides sp. A1C1	2528203	S	3452	22397	25849	0.00148
Bacteroides sp. DH3716P	2847299	S	179	2369	2548	0.00015
Bacteroides sp. PHL 2737	2162637	S	131	56293	56424	0.00323
Bacteroides sp. BFG-257	2972761	S	128	11456	11584	0.00066
Bacteroides sp. CG01	3096000	S	113	39	152	0.00001
Bacteroides sp. M10	2763022	S	36	44	80	0.00000
Bacteroides sp. D2	556259	S	35	72	107	0.00001
Bacteroides sp. KFT8	2025659	S	23	41	64	0.00000
Bacteroides sp. KG123	3369153	S	12	2956	2968	0.00017
Bacteroides xylanisolvens	371601	S	32430	200822	233252	0.01335
Bacteroides maternus	3117552	S	30556	15953	46509	0.00266
Bacteroides eggerthii	28111	S	15059	3526	18585	0.00106
Bacteroides hominis	2763023	S	12940	104392	117332	0.00672
Bacteroides intestinalis	329854	S	8527	1485	10012	0.00057
Bacteroides stercoris	46506	S	7429	2298	9727	0.00056
Bacteroides faecis	674529	S	3831	1179	5010	0.00029
Bacteroides zhangwenhongii	2650157	S	3766	5232	8998	0.00052
Bacteroides humanifaecis	2792859	S	2351	20791	23142	0.00132
Bacteroides salyersiae	291644	S	2337	212	2549	0.00015
Bacteroides caecimuris	1796613	S	1978	1003	2981	0.00017
Bacteroides ovatus	28116	S	1974	6600	8574	0.00049
Bacteroides caccae	47678	S	553	464	1017	0.00006
Bacteroides finegoldii	338188	S	266	337	603	0.00003
Bacteroides helcogenes	290053	S	260	9	269	0.00002
Bacteroides faecium	2715212	S	226	19	245	0.00001
Bacteroides difficilis	2763021	S	203	294	497	0.00003
Bacteroides zoogleoformans	28119	S	97	18	115	0.00001
Bacteroides pyogenes	310300	S	83	4	87	0.00000
Bacteroides nordii	291645	S	77	25	102	0.00001
Bacteroides graminisolvens	477666	S	45	0	45	0.00000
Bacteroides heparinolyticus	28113	S	41	12	53	0.00000
Bacteroides luhongzhouii	2650158	S	29	12	41	0.00000
uncultured Bacteroides sp.	162156	S	12	0	12	0.00000
Phocaeicola vulgatus	821	S	983541	732335	1715876	0.09822
Phocaeicola dorei	357276	S	23132	18907	42039	0.00241
Phocaeicola salanitronis	376805	S	639	32	671	0.00004
Phocaeicola coprophilus	387090	S	623	126	749	0.00004
Parabacteroides distasonis	823	S	720569	1981873	2702442	0.15470
Parabacteroides goldsteinii	328812	S	2733	392	3125	0.00018
Parabacteroides absconsus	2951805	S	1986	170	2156	0.00012
Parabacteroides merdae	46503	S	1050	432	1482	0.00008
Parabacteroides sp. CT06	2025876	S	484	40045	40529	0.00232
Parabacteroides sp. ASD2025	3415987	S	112	24	136	0.00001
Parabacteroides johnsonii	387661	S	212	78	290	0.00002
Parabacteroides faecis	1217282	S	73	16	89	0.00001
Parabacteroides chongii	2685834	S	51	11	62	0.00000
Tannerella serpentiformis	712710	S	26	0	26	0.00000
Alistipes putredinis	28117	S	798712	156285	954997	0.05467
Alistipes onderdonkii	328813	S	318163	65794	383957	0.02198
Alistipes shahii	328814	S	234989	142496	377485	0.02161
Alistipes finegoldii	214856	S	198126	72671	270797	0.01550
Alistipes ihumii	1470347	S	37062	695	37757	0.00216
Alistipes communis	2585118	S	34574	3232	37806	0.00216
uncultured Alistipes sp.	538949	S	3770	328	4098	0.00023
Alistipes senegalensis	1288121	S	2592	385	2977	0.00017
Alistipes sp. i18-0019-D1	3132707	S	1931	630	2561	0.00015
Alistipes sp. dk3624	2662363	S	43	1	44	0.00000
Alistipes dispar	2585119	S	487	55	542	0.00003
Alistipes megaguti	2364787	S	279	35	314	0.00002
Alistipes indistinctus	626932	S	140	7	147	0.00001
Butyricimonas faecihominis	1472416	S	109642	60976	170618	0.00977
Butyricimonas paravirosa	1472417	S	26567	16520	43087	0.00247
Butyricimonas virosa	544645	S	8293	2371	10664	0.00061
Butyricimonas faecalis	2093856	S	2840	849	3689	0.00021
Odoribacter splanchnicus	28118	S	1289	492	1781	0.00010
Barnesiella intestinihominis	487174	S	42215	1586	43801	0.00251
Barnesiella sp. An22	1965590	S	6842	717	7559	0.00043
Barnesiella viscericola	397865	S	843	105	948	0.00005
Coprobacter fastidiosus	1099853	S	22599	570	23169	0.00133
Coprobacter secundus	1501392	S	2248	197	2445	0.00014
Paraprevotella clara	454154	S	24239	1632	25871	0.00148
Paraprevotella xylaniphila	454155	S	43	5	48	0.00000
Segatella copri	165179	S	667	147	814	0.00005
Segatella hominis	2518605	S	23	17	40	0.00000
Segatella oris	28135	S	10	1	11	0.00000
Prevotella intermedia	28131	S	152	59	211	0.00001
Prevotella corporis	28128	S	72	10	82	0.00000
Prevotella jejuni	1177574	S	50	24	74	0.00000
Prevotella sp. E9-3	2913621	S	24	4	28	0.00000
Prevotella melaninogenica	28132	S	14	5	19	0.00000
Prevotella multiformis	282402	S	12	6	18	0.00000
Prevotella nigrescens	28133	S	10	4	14	0.00000
Muribaculum gordoncarteri	2530390	S	3820	110	3930	0.00022
Muribaculum intestinale	1796646	S	748	15	763	0.00004
Sodaliphilus pleomorphus	2606626	S	159	4	163	0.00001
Duncaniella dubosii	2518971	S	94	2	96	0.00001
Dysgonomonas sp. HDW5B	2714927	S	50	0	50	0.00000
Petrimonas mucosa	1642646	S	18	3	21	0.00000
Porphyromonas gingivalis	837	S	53	565	618	0.00004
Porphyromonas asaccharolytica	28123	S	11	0	11	0.00000
Candidatus Azobacteroides pseudotrichonymphae	511435	S	11	0	11	0.00000
Maribellus comscasis	2681766	S	34	0	34	0.00000
uncultured Draconibacterium sp.	1573823	S	17	0	17	0.00000
Flavobacterium haoranii	683124	S	42	10	52	0.00000
Capnocytophaga canimorsus	28188	S	52	2	54	0.00000
Polaribacter vadi	1774273	S	53	4	57	0.00000
Flagellimonas lutaonensis	516051	S	17	0	17	0.00000
Seonamhaeicola sp. ML3	2937786	S	21	0	21	0.00000
Chryseobacterium scophthalmum	59733	S	43	173	216	0.00001
Hymenobacter sedentarius	1411621	S	59	20	79	0.00000
Hymenobacter volaticus	2932254	S	20	3	23	0.00000
Hymenobacter baengnokdamensis	2615203	S	11	18	29	0.00000
Pontibacter actiniarum	323450	S	89	2	91	0.00001
Pontibacter kalidii	2592049	S	50	1	51	0.00000
Adhaeribacter radiodurans	2745197	S	45	0	45	0.00000
Flammeovirga sp. MY04	1191459	S	13	0	13	0.00000
Sphingobacterium spiritivorum	258	S	10	2	12	0.00000
Pedobacter heparinus	984	S	11	1	12	0.00000
Mycovorax composti	2962693	S	16	1	17	0.00000
Candidatus Sulfidibacterium hydrothermale	2875962	S	25	0	25	0.00000
Phaeodactylibacter xiamenensis	1524460	S	16	0	16	0.00000
Prosthecochloris sp. CIB 2401	1868325	S	13	1	14	0.00000
Escherichia coli	562	S	75640	898468	974108	0.05576
Escherichia albertii	208962	S	240	159	399	0.00002
Escherichia fergusonii	564	S	137	121	258	0.00001
Escherichia marmotae	1499973	S	93	44	137	0.00001
Escherichia sp. E4742	2044467	S	76	54	130	0.00001
Shigella flexneri	623	S	172	23449	23621	0.00135
Shigella boydii	621	S	62	1657	1719	0.00010
Shigella dysenteriae	622	S	40	453	493	0.00003
Klebsiella aerogenes	548	S	91	22	113	0.00001
Klebsiella pneumoniae	573	S	31	1307	1338	0.00008
Klebsiella oxytoca	571	S	35	7	42	0.00000
Klebsiella michiganensis	1134687	S	27	31	58	0.00000
Raoultella terrigena	577	S	12	17	29	0.00000
Enterobacter cloacae	550	S	25	21	46	0.00000
Enterobacter hormaechei	158836	S	15	312	327	0.00002
Citrobacter werkmanii	67827	S	20	30	50	0.00000
Citrobacter cronae	1748967	S	11	104	115	0.00001
Citrobacter sp. R56	1573676	S	13	3	16	0.00000
Salmonella enterica	28901	S	47	3482	3529	0.00020
Cedecea lapagei	158823	S	45	4	49	0.00000
Kosakonia radicincitans	283686	S	28	14	42	0.00000
Scandinavium goeteborgense	1851514	S	26	2	28	0.00000
Pantoea agglomerans	549	S	376	39	415	0.00002
Pantoea sp. Lij88	3028622	S	22	3	25	0.00000
Pantoea cypripedii	55209	S	11	0	11	0.00000
Erwinia amylovora	552	S	13	13	26	0.00000
Buchnera aphidicola	9	S	10	0	10	0.00000
Dickeya solani	1089444	S	15	3	18	0.00000
Dickeya oryzae	1240404	S	11	10	21	0.00000
Xenorhabdus doucetiae	351671	S	25	1	26	0.00000
Morganella morganii	582	S	23	0	23	0.00000
Edwardsiella tarda	636	S	11	2	13	0.00000
Pseudomonas aeruginosa	287	S	236	297	533	0.00003
Pseudomonas sp. Os17	1500686	S	14	14	28	0.00000
Pseudomonas sp. MM227	3019968	S	12	0	12	0.00000
Pseudomonas sp. MPB03	3388489	S	12	3	15	0.00000
Pseudomonas putida	303	S	28	14	42	0.00000
Pseudomonas fluorescens	294	S	17	6	23	0.00000
Halopseudomonas sp. SMJS2	3041098	S	12	3	15	0.00000
Metapseudomonas lalkuanensis	2604832	S	10	5	15	0.00000
Halomonas sp. GD1P12	2982691	S	42	45	87	0.00000
Halomonas sp. BM-2019	2811227	S	14	1	15	0.00000
Halomonas kashgarensis	3084920	S	27	1	28	0.00000
Marinobacterium iners	48076	S	16	0	16	0.00000
Aeromonas media	651	S	26	4	30	0.00000
Aeromonas sp. FDAARGOS 1403	2778052	S	12	16	28	0.00000
Acinetobacter pittii	48296	S	10	6	16	0.00000
Acinetobacter thermotolerans	3151487	S	17	1	18	0.00000
Faucicola osloensis	34062	S	41	2	43	0.00000
Moraxella catarrhalis	480	S	21	1	22	0.00000
Moraxella bovoculi	386891	S	11	0	11	0.00000
Psychrobacter arcticus	334543	S	16	0	16	0.00000
Vibrio kanaloae	170673	S	21	15	36	0.00000
Grimontia sp. NTOU-MAR1	3111011	S	21	0	21	0.00000
Candidatus Thiodictyon syntrophicum	1166950	S	91	1	92	0.00001
Stenotrophomonas maltophilia	40324	S	13	29	42	0.00000
Salinimonas sediminis	2303538	S	23	0	23	0.00000
Thalassomonas viridans	137584	S	17	0	17	0.00000
Microbulbifer sp. SAOS-129_SWC	3145235	S	14	1	15	0.00000
Microbulbifer thermotolerans	252514	S	10	0	10	0.00000
Saccharophagus degradans	86304	S	16	0	16	0.00000
Teredinibacter turnerae	2426	S	12	0	12	0.00000
Frederiksenia canicola	123824	S	16	0	16	0.00000
Sinimarinibacterium sp. NLF-5-8	2698684	S	14	0	14	0.00000
Turicimonas muris	1796652	S	893	393	1286	0.00007
Duodenibacillus massiliensis	1852381	S	43	56	99	0.00001
Sutterella wadsworthensis	40545	S	12	12	24	0.00000
Paraburkholderia bonniea	2152891	S	11	55	66	0.00000
Polynucleobacter wuianus	1743168	S	18	7	25	0.00000
Polynucleobacter sp. MWH-UH35A	1855619	S	14	4	18	0.00000
Ralstonia mannitolilytica	105219	S	16	36	52	0.00000
Ralstonia pickettii	329	S	15	32	47	0.00000
Cupriavidus sp. EM10	2839983	S	19	28	47	0.00000
Limnobacter sp.	2003368	S	19	4	23	0.00000
Pandoraea thiooxydans	445709	S	10	8	18	0.00000
Comamonas thiooxydans	363952	S	25	67	92	0.00001
Hydrogenophaga taeniospiralis	65656	S	36	58	94	0.00001
Alicycliphilus denitrificans	179636	S	29	93	122	0.00001
Rugamonas sp. DEMB1	3039386	S	41	62	103	0.00001
Duganella sp. P38	3423949	S	35	43	78	0.00000
Massilia sp. WG5	1707785	S	15	19	34	0.00000
Massilia sp. PAMC28688	2861283	S	10	7	17	0.00000
Achromobacter spanius	217203	S	18	34	52	0.00000
Pusillimonas sp. T7-7	1007105	S	13	4	17	0.00000
Roseateles sp. So40a	3400226	S	41	75	116	0.00001
Vitreoscilla filiformis	63	S	43	131	174	0.00001
Vogesella sp. LIG4	1192162	S	12	20	32	0.00000
Silvimonas soli	2980100	S	14	8	22	0.00000
Deefgea tanakiae	2865840	S	12	4	16	0.00000
Candidatus Nitrotoga arctica	453162	S	30	11	41	0.00000
Methylophilus sp. TWE2	1662285	S	13	6	19	0.00000
Sulfuricystis multivorans	2211108	S	17	28	45	0.00000
Rhizobium sp. 11515TR	2028343	S	23	58	81	0.00000
Agrobacterium larrymoorei	160699	S	39	28	67	0.00000
Shinella zoogloeoides	352475	S	26	86	112	0.00001
Ciceribacter thiooxidans	1969821	S	17	11	28	0.00000
Bradyrhizobium sp. WD16	1521768	S	22	19	41	0.00000
Bradyrhizobium cosmicum	1404864	S	11	30	41	0.00000
Mesorhizobium sp. M1D.F.Ca.ET.043.01.1.1	2493669	S	28	61	89	0.00001
Mesorhizobium sp. NBSH29	2654249	S	12	6	18	0.00000
Roseibium aggregatum	187304	S	14	30	44	0.00000
Labrenzia sp. THAF35	2587854	S	19	53	72	0.00000
Devosia sp.	1871048	S	12	6	18	0.00000
uncultured Pleomorphomonas sp.	442121	S	10	11	21	0.00000
Paracoccus zhejiangensis	1077935	S	11	20	31	0.00000
Cognatishimia activa	1715691	S	18	6	24	0.00000
Limimaricola sp. AA108-03	3425945	S	10	11	21	0.00000
Gluconobacter roseus	586239	S	39	16	55	0.00000
Gluconobacter sphaericus	574987	S	31	9	40	0.00000
Asaia bogorensis	91915	S	37	10	47	0.00000
Acetobacter persici	1076596	S	11	1	12	0.00000
Lichenicoccus sp.	2781899	S	10	4	14	0.00000
Novosphingobium sp.	1874826	S	19	32	51	0.00000
Hyphococcus formosus	3143534	S	10	1	11	0.00000
Bilophila wadsworthia	35833	S	133378	1370	134748	0.00771
Desulfovibrio piger	901	S	1369	42	1411	0.00008
Desulfovibrio aminophilus	81425	S	38	3	41	0.00000
Maridesulfovibrio sp. FT414	2979469	S	21	0	21	0.00000
Maridesulfovibrio sp.	2795000	S	17	5	22	0.00000
Desulfolutivibrio sulfodismutans	63561	S	19	0	19	0.00000
uncultured Mailhella sp.	1981031	S	16	0	16	0.00000
Halodesulfovibrio aestuarii	126333	S	14	0	14	0.00000
Solidesulfovibrio magneticus	184917	S	11	0	11	0.00000
Oceanidesulfovibrio marinus	370038	S	11	0	11	0.00000
Thermodesulfomicrobium sp. WS	3004129	S	10	0	10	0.00000
Syntrophotalea carbinolica	19	S	20	1	21	0.00000
Geoalkalibacter subterraneus	483547	S	14	2	16	0.00000
Geobacter sulfurreducens	35554	S	10	6	16	0.00000
Desulfofustis limnaeus	2740163	S	39	1	40	0.00000
Desulfolithobacter dissulfuricans	2795293	S	10	0	10	0.00000
Desulfosarcina alkanivorans	571177	S	21	0	21	0.00000
Syntrophobacter fumaroxidans	119484	S	17	0	17	0.00000
Campylobacter curvus	200	S	415	4	419	0.00002
Campylobacter concisus	199	S	23	0	23	0.00000
Campylobacter jejuni	197	S	16	20	36	0.00000
Campylobacter coli	195	S	13	1	14	0.00000
Sulfurovum lithotrophicum	206403	S	21	0	21	0.00000
Sulfurimonas sp. HSL-1656	3131934	S	13	2	15	0.00000
Akkermansia muciniphila	239935	S	100	28	128	0.00001
Actomonas aquatica	2866162	S	38	0	38	0.00000
Lacunisphaera limnophila	1838286	S	21	0	21	0.00000
Botrimarina mediterranea	2528022	S	30	1	31	0.00000
Stieleria bergensis	2528025	S	10	0	10	0.00000
Calycomorphotria hydatis	2528027	S	15	0	15	0.00000
Treponema primitia	88058	S	25	2	27	0.00000
Treponema sp. OMZ 857	1643513	S	10	33	43	0.00000
Treponema denticola	158	S	15	44	59	0.00000
Treponema peruense	2787628	S	12	0	12	0.00000
Salinispira pacifica	1307761	S	25	1	26	0.00000
Myxococcus sp. SDU36	2831967	S	10	6	16	0.00000
Tunturiibacter lichenicola	2051959	S	13	0	13	0.00000
Edaphobacter sp. 4G125	2763071	S	10	0	10	0.00000
Bdellovibrio bacteriovorus	959	S	14	0	14	0.00000
Faecalibacterium prausnitzii	853	S	271214	339107	610321	0.03494
Faecalibacterium duncaniae	411483	S	77719	401954	479673	0.02746
Faecalibacterium sp. I2-3-92	2929490	S	16911	87600	104511	0.00598
Faecalibacterium sp. IP-3-29	2929489	S	12387	60603	72990	0.00418
Faecalibacterium sp. i21-0019-B1	3141184	S	6618	37445	44063	0.00252
Faecalibacterium sp. I4-1-79	2929494	S	4568	8840	13408	0.00077
Faecalibacterium sp. i25-0019-C1	3141185	S	4369	42856	47225	0.00270
Faecalibacterium sp. I4-3-84	2929495	S	3567	13191	16758	0.00096
Faecalibacterium sp. I3-3-89	2929493	S	1893	1435	3328	0.00019
Faecalibacterium sp. I3-3-33	2929492	S	1774	2444	4218	0.00024
Faecalibacterium sp. 7	3402017	S	1746	7498	9244	0.00053
Faecalibacterium sp. IP-1-18	2929488	S	1561	20661	22222	0.00127
Faecalibacterium hominis (ex Afrizal et al. 2022)	2881265	S	14281	62131	76412	0.00437
Faecalibacterium taiwanense	3030638	S	9545	68941	78486	0.00449
Faecalibacterium wellingii	2929491	S	1912	5472	7384	0.00042
Vescimonas coprocola	2714355	S	104179	28731	132910	0.00761
Vescimonas fastidiosa	2714353	S	4781	1359	6140	0.00035
Flavonifractor plautii	292800	S	88590	9283	97873	0.00560
Ruthenibacterium lactatiformans	1550024	S	73782	6040	79822	0.00457
Lawsonibacter asaccharolyticus	2108523	S	44922	4020	48942	0.00280
Dysosmobacter welbionis	2093857	S	15717	63001	78718	0.00451
Oscillibacter sp. PEA192	2109687	S	6688	29451	36139	0.00207
Oscillibacter hominis	2763056	S	5822	645	6467	0.00037
Pusillibacter faecalis	2714358	S	8577	1056	9633	0.00055
Subdoligranulum variabile	214851	S	2483	1176	3659	0.00021
uncultured Subdoligranulum sp.	512298	S	951	455	1406	0.00008
Pseudoflavonifractor gallinarum	2779352	S	4566	482	5048	0.00029
Owariibacterium komagatae	3136601	S	4390	855	5245	0.00030
Anaerotruncus colihominis	169435	S	3808	478	4286	0.00025
Ruminococcus sp. SR1/5	657323	S	965	3712	4677	0.00027
Ruminococcus sp. JE7B6	3233380	S	129	79	208	0.00001
Ruminococcus sp. JL13D9	3233381	S	21	19	40	0.00000
Ruminococcus champanellensis	1161942	S	422	30	452	0.00003
Ruminococcus callidus	40519	S	161	9	170	0.00001
Ruminococcus gauvreauii	438033	S	126	10	136	0.00001
Ruminococcus bicirculans (ex Wegman et al. 2014)	1160721	S	39	4	43	0.00000
Ruminococcus bovis	2564099	S	29	4	33	0.00000
Ruminococcus albus	1264	S	28	0	28	0.00000
Solibaculum mannosilyticum	2780922	S	686	90	776	0.00004
Mageeibacillus indolicus	884684	S	199	21	220	0.00001
Ethanoligenens harbinense	253239	S	78	3	81	0.00000
Amygdalobacter indicium	3029272	S	68	10	78	0.00000
Bengtsoniella intestinalis	3073143	S	19	0	19	0.00000
Thermocaproicibacter melissae	2966552	S	15	0	15	0.00000
Paludihabitans sp. MB14-C6	3070656	S	12	0	12	0.00000
Thermoclostridium stercorarium	1510	S	12	0	12	0.00000
Eubacterium ramulus	39490	S	15319	3629	18948	0.00108
Eubacterium ventriosum	39496	S	2824	436	3260	0.00019
Eubacterium callanderi	53442	S	253	41	294	0.00002
Eubacterium limosum	1736	S	202	15	217	0.00001
Eubacterium sp. MSJ-33	2841528	S	115	23	138	0.00001
Eubacterium maltosivorans	2041044	S	113	7	120	0.00001
Eubacterium sp. F2	3381348	S	21	0	21	0.00000
Anaerofustis stercorihominis	214853	S	57	3	60	0.00000
Pseudoramibacter alactolyticus	113287	S	44	1	45	0.00000
Agathobaculum sp. NTUH-O15-33	3079302	S	8559	185	8744	0.00050
Agathobaculum massiliense	3014267	S	352	1507	1859	0.00011
Butyricicoccus porcorum	1945634	S	228	25	253	0.00001
Butyricicoccus sp. GAM44	2109686	S	48	0	48	0.00000
Intestinibacillus sp. NTUH-41-i26	3079303	S	207	1021	1228	0.00007
Intestinimonas butyriciproducens	1297617	S	7284	637	7921	0.00045
Flintibacter sp. KGMB00164	2610895	S	1115	107	1222	0.00007
Clostridium sp. SY8519	1042156	S	3305	150	3455	0.00020
Clostridium sp. M62/1	411486	S	2348	662	3010	0.00017
Clostridium sp. LQ25	2992805	S	71	344	415	0.00002
Clostridium sp. MD294	97138	S	27	0	27	0.00000
Clostridium sp. C1	1155388	S	14	101	115	0.00001
Clostridium sp. HCS.1	3238594	S	12	1	13	0.00000
[Clostridium] innocuum	1522	S	730	872	1602	0.00009
Clostridium perfringens	1502	S	145	157	302	0.00002
Clostridium cadaveris	1529	S	36	4	40	0.00000
Clostridium kluyveri	1534	S	30	2	32	0.00000
Clostridium cochlearium	1494	S	18	8	26	0.00000
Clostridium acetobutylicum	1488	S	17	0	17	0.00000
Clostridium intestinale	36845	S	11	0	11	0.00000
Lactonifactor longoviformis	341220	S	153	13	166	0.00001
Candidatus Sarcina troglodytae	2726954	S	18	8	26	0.00000
Proteiniclasticum sp. QWL-01	3036945	S	11	0	11	0.00000
Acutalibacter muris	1796620	S	225	7	232	0.00001
Caproicibacter fermentans	2576756	S	93	17	110	0.00001
Caproiciproducens sp. CPB-2	3030017	S	38	7	45	0.00000
uncultured Caproiciproducens sp.	1738647	S	36	3	39	0.00000
Candidatus Formimonas warabiya	1761012	S	183	2	185	0.00001
Desulforamulus ferrireducens	1833852	S	13	1	14	0.00000
Thermanaerosceptrum fracticalcis	1712410	S	16	0	16	0.00000
Desulfotomaculum nigrificans	1565	S	39	4	43	0.00000
Aristaeella hokkaidonensis	3046382	S	17	3	20	0.00000
Aristaeella lactis	3046383	S	14	2	16	0.00000
Heliomicrobium modesticaldum	35701	S	13	0	13	0.00000
Simiaoa sunii	2763672	S	103603	20916	124519	0.00713
Roseburia intestinalis	166486	S	29934	23287	53221	0.00305
Roseburia hominis	301301	S	9654	2642	12296	0.00070
Roseburia faecis	301302	S	7775	2305	10080	0.00058
Roseburia sp. 831b	1261635	S	1207	100	1307	0.00007
Roseburia sp. 499	1261634	S	298	20	318	0.00002
Roseburia rectibacter	2763062	S	1419	442	1861	0.00011
[Clostridium] symbiosum	1512	S	48022	6739	54761	0.00313
Agathobacter rectalis	39491	S	47063	19186	66249	0.00379
Dorea longicatena	88431	S	29980	11852	41832	0.00239
Dorea formicigenerans	39486	S	13104	5503	18607	0.00107
Mediterraneibacter gnavus	33038	S	18529	5583	24112	0.00138
[Ruminococcus] torques	33039	S	11517	5430	16947	0.00097
[Ruminococcus] lactaris	46228	S	3634	742	4376	0.00025
Mediterraneibacter glycyrrhizinilyticus	342942	S	1758	458	2216	0.00013
Enterocloster bolteae	208479	S	10090	1756	11846	0.00068
Enterocloster asparagiformis	333367	S	7336	1494	8830	0.00051
Enterocloster lavalensis	460384	S	4369	1387	5756	0.00033
Enterocloster clostridioformis	1531	S	2316	659	2975	0.00017
Coprococcus comes	410072	S	13612	35702	49314	0.00282
Coprococcus catus	116085	S	9986	2836	12822	0.00073
Coprococcus eutactus	33043	S	699	316	1015	0.00006
Coprococcus sp. ART55/1	751585	S	281	132	413	0.00002
Blautia wexlerae	418240	S	9450	6599	16049	0.00092
Blautia obeum	40520	S	5481	3249	8730	0.00050
Blautia producta	33035	S	921	110	1031	0.00006
Blautia hansenii	1322	S	875	372	1247	0.00007
Blautia luti	89014	S	785	229	1014	0.00006
Blautia liquoris	2779518	S	492	21	513	0.00003
Blautia sp. SC05B48	2479767	S	430	678	1108	0.00006
Blautia hydrogenotrophica	53443	S	284	14	298	0.00002
Blautia argi	1912897	S	188	57	245	0.00001
Blautia parvula	2877527	S	148	26	174	0.00001
Blautia pseudococcoides	1796616	S	125	6	131	0.00001
Blautia massiliensis (ex Durand et al. 2017)	1737424	S	41	162752	162793	0.00932
Hungatella sp. SB206	2937758	S	9211	2639	11850	0.00068
Hungatella hathewayi	154046	S	981	185	1166	0.00007
Sellimonas catena	2994035	S	4014	1130	5144	0.00029
Sellimonas intestinalis	1653434	S	383	33	416	0.00002
Sellimonas caecigallum	2592333	S	88	6	94	0.00001
[Clostridium] scindens	29347	S	3262	460	3722	0.00021
[Clostridium] hylemonae	89153	S	347	34	381	0.00002
Lachnoclostridium phytofermentans	66219	S	83	2	85	0.00000
Eshraghiella crossota	45851	S	2098	433	2531	0.00014
Lachnospira eligens	39485	S	2059	243	2302	0.00013
Anaerostipes hadrus	649756	S	1596	364	1960	0.00011
Anaerostipes rhamnosivorans	1229621	S	66	6	72	0.00000
Anaerostipes caccae	105841	S	64	14	78	0.00000
Anaerostipes sp. PC18	3036926	S	56	11	67	0.00000
Eisenbergiella porci	2652274	S	1736	213	1949	0.00011
Anaerobutyricum hallii	39488	S	568	910	1478	0.00008
Chordicoccus furentiruminis	2709410	S	1153	33	1186	0.00007
Lacrimispora sp. HJ-01	3375704	S	378	90	468	0.00003
Lacrimispora sp. BS-2	3151850	S	39	5	44	0.00000
Lacrimispora saccharolytica	84030	S	329	46	375	0.00002
Lacrimispora xylanisolvens	384636	S	99	4	103	0.00001
Lacrimispora xylanolytica	29375	S	93	4	97	0.00001
Lacrimispora sinapis	3111456	S	92	6	98	0.00001
Lacrimispora sphenoides	29370	S	17	3	20	0.00000
Butyrivibrio fibrisolvens	831	S	239	13	252	0.00001
Butyrivibrio sp. JL13D10	3236815	S	89	7	96	0.00001
Butyrivibrio hungatei	185008	S	79	6	85	0.00000
Butyrivibrio proteoclasticus	43305	S	59	5	64	0.00000
Claveliimonas bilis	3028070	S	395	42	437	0.00003
Anaerocolumna sp. AGMB13020	3081750	S	80	5	85	0.00000
Anaerocolumna sp. MB42-C2	3070997	S	41	12	53	0.00000
Anaerocolumna sp. AGMB13025	3039116	S	38	2	40	0.00000
Anaerocolumna sedimenticola	2696063	S	36	14	50	0.00000
Anaerocolumna chitinilytica	1727145	S	29	1	30	0.00000
Anaerocolumna cellulosilytica	433286	S	13	0	13	0.00000
Marvinbryantia formatexigens	168384	S	262	22	284	0.00002
Faecalimonas umbilicata	1912855	S	250	84	334	0.00002
Kineothrix sedimenti	3123317	S	138	5	143	0.00001
Kineothrix sp. MB12-C1	3070215	S	97	3	100	0.00001
Wansuia hejianensis	2763667	S	231	14	245	0.00001
Wujia chipingensis	2763670	S	201	60	261	0.00001
Pseudobutyrivibrio xylanivorans	185007	S	170	6	176	0.00001
Qiania dongpingensis	2763669	S	100	8	108	0.00001
Hominifimenecus sp. rT4P-3	3242979	S	95	1	96	0.00001
Lachnoanaerobaculum gingivalis	2490855	S	22	57	79	0.00000
Novisyntrophococcus fermenticellae	2068655	S	72	4	76	0.00000
Herbinix luporum	1679721	S	54	4	58	0.00000
Stomatobaculum sp. F0698	3059030	S	43	1	44	0.00000
Chakrabartyella piscis	2918914	S	29	0	29	0.00000
Anaeropeptidivorans aminofermentans	2934315	S	22	0	22	0.00000
Cellulosilyticum sp. WCF-2	2497860	S	270	71	341	0.00002
Vallitalea pronyensis	1348613	S	28	0	28	0.00000
Vallitalea guaymasensis	1185412	S	13	0	13	0.00000
Anaerotignum sp. MB30-C6	3070814	S	19	1	20	0.00000
Clostridioides difficile	1496	S	1357	452	1809	0.00010
Intestinibacter bartlettii	261299	S	51	4	55	0.00000
Peptostreptococcus anaerobius	1261	S	20	5	25	0.00000
Paraclostridium dentum	2662455	S	20	2	22	0.00000
Ihubacter sp. rT4E-8	3242369	S	105	10	115	0.00001
Emergencia sp. JLR.KK010	3114296	S	68	6	74	0.00000
Anoxybacterium hadale	3408580	S	12	0	12	0.00000
Alkaliphilus metalliredigens	208226	S	16	0	16	0.00000
Filifactor alocis	143361	S	11	2	13	0.00000
Christensenella minuta	626937	S	293	13	306	0.00002
Christensenella massiliensis	1805714	S	212	18	230	0.00001
Christensenella sp. MSJ-20	2841518	S	28	0	28	0.00000
Monoglobus pectinilyticus	1981510	S	90	8	98	0.00001
Aceticella autotrophica	2755338	S	24	0	24	0.00000
Neomoorella thermoacetica	1525	S	11	4	15	0.00000
Phascolarctobacterium faecium	33025	S	308814	5842	314656	0.01801
Phascolarctobacterium sp. Marseille-Q4147	2823317	S	199	92	291	0.00002
Phascolarctobacterium succinatutens	626940	S	19	11	30	0.00000
Acidaminococcus intestini	187327	S	14	1	15	0.00000
Selenomonas sputigena	69823	S	3660	114	3774	0.00022
Selenomonas sp. oral taxon 126	712528	S	16	21	37	0.00000
Selenomonas sp. oral taxon 920	1884263	S	14	22	36	0.00000
Selenomonas timonae	2754044	S	11	2	13	0.00000
Megamonas hypermegale	158847	S	33	1	34	0.00000
uncultured Sporomusa sp.	307249	S	22	25	47	0.00000
Sporomusa aerivorans	204936	S	11	0	11	0.00000
Pelosinus fermentans	365349	S	41	3	44	0.00000
Dialister pneumosintes	39950	S	87	43	130	0.00001
Dialister sp.	1955814	S	42	185	227	0.00001
Dialister succinatiphilus	487173	S	19	161	180	0.00001
Veillonella parvula	29466	S	212	53	265	0.00002
Megasphaera stantonii	2144175	S	45	2	47	0.00000
Megasphaera sp.	2023260	S	13	7	20	0.00000
Megasphaera elsdenii	907	S	10	5	15	0.00000
Holdemania massiliensis	1468449	S	39493	5665	45158	0.00259
[Eubacterium] hominis	2764325	S	560	135	695	0.00004
Longicatena caecimuris	1796635	S	396	126	522	0.00003
Amedibacterium intestinale	2583452	S	180	43	223	0.00001
Allobaculum mucilyticum	2834459	S	27	0	27	0.00000
Allobaculum sp. Allo2	2853432	S	14	0	14	0.00000
Faecalibaculum rodentium	1702221	S	35	1	36	0.00000
Solobacterium moorei	102148	S	28	8	36	0.00000
Intestinibaculum porci	2487118	S	17	0	17	0.00000
Bulleidia sp. zg-1006	2806552	S	11	1	12	0.00000
Massilimicrobiota timonensis	1776392	S	11	111	122	0.00001
Faecalibacillus intestinalis	1982626	S	2165	671	2836	0.00016
Thomasclavelia ramosa	1547	S	802	159	961	0.00006
Erysipelatoclostridium sp. An173	1965571	S	81	22	103	0.00001
Thomasclavelia spiroformis	29348	S	38	12	50	0.00000
Catenibacterium sp. co_0103	2478954	S	268	53	321	0.00002
Catenibacterium mitsuokai	100886	S	181	23	204	0.00001
Tannockella kyphosi	2899121	S	30	2	32	0.00000
Turicibacter bilis	2735723	S	135	399	534	0.00003
Turicibacter sp. H121	1712675	S	42	364	406	0.00002
Streptococcus thermophilus	1308	S	9113	1760	10873	0.00062
Streptococcus agalactiae	1311	S	1307	4462	5769	0.00033
Streptococcus sp. HSISS2	1316411	S	64	117	181	0.00001
Streptococcus sp. HSISS3	1316412	S	40	68	108	0.00001
Streptococcus sp. LPB0220	2610896	S	33	16	49	0.00000
Streptococcus pneumoniae	1313	S	145	61	206	0.00001
Streptococcus salivarius	1304	S	111	83	194	0.00001
Streptococcus parasanguinis	1318	S	90	34	124	0.00001
Streptococcus vestibularis	1343	S	61	17	78	0.00000
Streptococcus suis	1307	S	48	40	88	0.00001
Streptococcus sanguinis	1305	S	40	6	46	0.00000
Streptococcus gallolyticus	315405	S	37	33	70	0.00000
Streptococcus sobrinus	1310	S	30	0	30	0.00000
Streptococcus pasteurianus	197614	S	29	88	117	0.00001
Streptococcus gordonii	1302	S	28	2	30	0.00000
Streptococcus lingualis	3098076	S	22	12	34	0.00000
Streptococcus lutetiensis	150055	S	21	10	31	0.00000
Streptococcus equinus	1335	S	14	2	16	0.00000
Streptococcus parasuis	1501662	S	13	2	15	0.00000
Streptococcus lactarius	684066	S	13	1	14	0.00000
Streptococcus pluranimalium	82348	S	12	0	12	0.00000
Streptococcus mutans	1309	S	12	1	13	0.00000
Lactococcus lactis	1358	S	97	18	115	0.00001
Limosilactobacillus oris	1632	S	141	32	173	0.00001
Limosilactobacillus fermentum	1613	S	95	18	113	0.00001
Limosilactobacillus reuteri	1598	S	49	9	58	0.00000
Ligilactobacillus ruminis	1623	S	60	3	63	0.00000
Ligilactobacillus murinus	1622	S	35	1	36	0.00000
Lacticaseibacillus paracasei	1597	S	63	12	75	0.00000
Lacticaseibacillus rhamnosus	47715	S	27	3	30	0.00000
Secundilactobacillus paracollinoides	240427	S	47	7	54	0.00000
Lactobacillus delbrueckii	1584	S	12	7	19	0.00000
Oenococcus kitaharae	336988	S	12	0	12	0.00000
Levilactobacillus suantsaii	2292255	S	11	2	13	0.00000
Enterococcus faecium	1352	S	343	808	1151	0.00007
Enterococcus casseliflavus	37734	S	37	16	53	0.00000
Enterococcus cecorum	44008	S	24	1	25	0.00000
Granulicatella adiacens	46124	S	25	1	26	0.00000
Jeotgalibaca arthritidis	1868794	S	29	4	33	0.00000
Paenibacillus sp. FSL K6-2441	2954679	S	19	24	43	0.00000
Paenibacillus sp. FSL R7-0272	2921679	S	18	11	29	0.00000
Paenibacillus sp. FSL H8-0280	2921382	S	17	153	170	0.00001
Paenibacillus sp. CAA11	1532905	S	17	12	29	0.00000
Paenibacillus sp. MBLB4367	3384767	S	15	13	28	0.00000
Paenibacillus physcomitrellae	1619311	S	36	29	65	0.00000
Paenibacillus tritici	1873425	S	20	19	39	0.00000
Paenibacillus terrae	159743	S	19	46	65	0.00000
Paenibacillus glycanilyticus	126569	S	16	22	38	0.00000
Paenibacillus algicola	2565926	S	11	6	17	0.00000
Paenibacillus borealis	160799	S	11	12	23	0.00000
Paenibacillus andongensis	2975482	S	10	6	16	0.00000
Bacillus atrophaeus	1452	S	36	35	71	0.00000
Niallia sp. Krafla_26	3064703	S	40	19	59	0.00000
Niallia circulans	1397	S	21	13	34	0.00000
Peribacillus sp. B-H-3	3400420	S	31	40	71	0.00000
Metabacillus dongyingensis	2874282	S	22	89	111	0.00001
Halobacillus mangrovi	402384	S	11	3	14	0.00000
Virgibacillus sp. MSP4-1	2700081	S	20	6	26	0.00000
Psychrobacillus sp. FSL W7-1457	2954547	S	13	14	27	0.00000
Siminovitchia fortis	254758	S	12	6	18	0.00000
Staphylococcus pseudintermedius	283734	S	40	32	72	0.00000
Staphylococcus epidermidis	1282	S	22	15	37	0.00000
Nosocomiicoccus massiliensis	1232430	S	43	17	60	0.00000
Ureibacillus thermophilus	367743	S	10	17	27	0.00000
Anoxybacillus flavithermus	33934	S	22	77	99	0.00001
Tumebacillus avium	1903704	S	17	3	20	0.00000
Fodinisporobacter ferrooxydans	2901836	S	15	1	16	0.00000
Listeria weihenstephanensis	1006155	S	32	5	37	0.00000
Polycladomyces abyssicola	1125966	S	21	2	23	0.00000
Murdochiella vaginalis	1852373	S	176	51	227	0.00001
Parvimonas micra	33033	S	18	3	21	0.00000
Tissierella sp. Yu-01	3035694	S	37	1	38	0.00000
Carboxydichorda subterranea	3109565	S	11	0	11	0.00000
Ndongobacter massiliensis	1871025	S	11	2	13	0.00000
Collinsella aerofaciens	74426	S	18625	9581	28206	0.00161
Collinsella sp. i05-0019-G5	3132705	S	1164	1956	3120	0.00018
Collinsella stercoris	147206	S	28	1	29	0.00000
Enorma phocaeensis	1871019	S	47	2	49	0.00000
Parolsenella massiliensis	1871022	S	105	10	115	0.00001
Parolsenella catena	2003188	S	15	1	16	0.00000
Thermophilibacter mediterraneus	1871031	S	48	6	54	0.00000
Fannyhessea vaginae	82135	S	44	1	45	0.00000
Atopobium sp. oral taxon 416	712157	S	22	0	22	0.00000
Parafannyhessea umbonata	604330	S	21	1	22	0.00000
Leptogranulimonas caecicola	2894156	S	11	0	11	0.00000
Eggerthella lenta	84112	S	11443	1584	13027	0.00075
Eggerthella guodeyinii	2690837	S	83	14	97	0.00001
Eggerthella sp. YY7918	502558	S	63	3	66	0.00000
Gordonibacter urolithinfaciens	1335613	S	100	23	123	0.00001
Gordonibacter pamelaeae	471189	S	40	10	50	0.00000
Adlercreutzia hattorii	2707299	S	48	30	78	0.00000
Adlercreutzia equolifaciens	446660	S	24	14	38	0.00000
Berryella intestinalis	1531429	S	79	8	87	0.00000
Slackia heliotrinireducens	84110	S	51	0	51	0.00000
Slackia exigua	84109	S	13	0	13	0.00000
Arabiibacter massiliensis	1870985	S	16	1	17	0.00000
Bifidobacterium longum	216816	S	594	332	926	0.00005
Bifidobacterium dentium	1689	S	340	26	366	0.00002
Bifidobacterium breve	1685	S	104	292	396	0.00002
Bifidobacterium catenulatum	1686	S	29	12	41	0.00000
Bifidobacterium thermophilum	33905	S	29	2	31	0.00000
Bifidobacterium scardovii	158787	S	21	2	23	0.00000
Bifidobacterium sp. ESL0764	2983228	S	12	2	14	0.00000
Bifidobacterium coryneforme	1687	S	16	0	16	0.00000
Bifidobacterium adolescentis	1680	S	16	7	23	0.00000
Bifidobacterium asteroides	1684	S	14	0	14	0.00000
Bifidobacterium angulatum	1683	S	13	3	16	0.00000
Cutibacterium acnes	1747	S	750	106	856	0.00005
Propionibacterium freudenreichii	1744	S	198	91	289	0.00002
Nocardioides bizhenqiangii	3095076	S	20	8	28	0.00000
Aeromicrobium erythreum	2041	S	12	5	17	0.00000
Arthrobacter sp. NEB 688	904039	S	30	32	62	0.00000
Arthrobacter sp. zg-Y919	2894187	S	28	56	84	0.00000
Arthrobacter crystallopoietes	37928	S	14	8	22	0.00000
Rothia mucilaginosa	43675	S	25	4	29	0.00000
Rothia dentocariosa	2047	S	17	1	18	0.00000
Rothia nasimurium	85336	S	10	3	13	0.00000
Subtercola endophyticus	2895559	S	30	14	44	0.00000
Salinibacterium sp. M195	2583374	S	14	2	16	0.00000
Ruania suaedae	2897774	S	28	9	37	0.00000
Austwickia chelonae	100225	S	21	2	23	0.00000
Brachybacterium sp. P6-10-X1	1903186	S	10	3	13	0.00000
Streptomyces buecherae	2763006	S	47	29	76	0.00000
Streptomyces finlayi	67296	S	19	8	27	0.00000
Streptomyces albidoflavus	1886	S	19	176	195	0.00001
Kitasatospora herbaricolor	68217	S	41	24	65	0.00000
Kitasatospora purpeofusca	67352	S	21	12	33	0.00000
Corynebacterium sp. SCR221107	3017361	S	44	12	56	0.00000
Corynebacterium kroppenstedtii	161879	S	46	24	70	0.00000
Corynebacterium urealyticum	43771	S	32	14	46	0.00000
Corynebacterium callunae	1721	S	29	6	35	0.00000
Corynebacterium nuruki	1032851	S	23	9	32	0.00000
Corynebacterium macginleyi	38290	S	16	7	23	0.00000
Mycobacteroides sp. PCS013	3074106	S	11	17	28	0.00000
Actinomyces sp. oral taxon 169	712116	S	12	25	37	0.00000
Actinomyces oris	544580	S	17	71	88	0.00001
Gleimia europaea	66228	S	53	8	61	0.00000
Trueperella pyogenes	1661	S	12	1	13	0.00000
Micromonospora craniellae	2294034	S	16	20	36	0.00000
Prauserella marina	530584	S	30	5	35	0.00000
Nocardiopsis sp. HUAS JQ3	3061629	S	12	7	19	0.00000
Conexibacter sp. SYSU D00693	2812560	S	11	0	11	0.00000
Synechococcus sp. CC9902	316279	S	13	26	39	0.00000
Geitlerinema sp. PCC 7407	1173025	S	45	4	49	0.00000
Euhalothece natronophila	577489	S	22	3	25	0.00000
Nostoc sp. 'Lobaria pulmonaria (5183) cyanobiont'	1618022	S	12	0	12	0.00000
Candidatus Leptofilum sp.	3241576	S	23	0	23	0.00000
Ktedonosporobacter rubrisoli	2509675	S	29	0	29	0.00000
Tepidiforma bonchosmolovskayae	2601677	S	29	0	29	0.00000
Cetobacterium sp. SF1	3417654	S	154	2	156	0.00001
Fusobacterium nucleatum	851	S	10	37	47	0.00000
Leptotrichia wadei	157687	S	12	6	18	0.00000
Pyramidobacter sp. YE332	3068894	S	24	6	30	0.00000
Pyramidobacter piscolens	638849	S	13	4	17	0.00000
Cloacibacillus porcorum	1197717	S	26	3	29	0.00000
Homo sapiens	9606	S	257	0	257	0.00001
Methanogenium organophilum	2199	S	10	2	12	0.00000
Carjivirus communis	2955582	S	2738	757	3495	0.00020
Carjivirus hominis	2955583	S	760	213	973	0.00006
Jahgtovirus intestinalis	2955996	S	101	0	101	0.00001
Mahlunavirus rarus	2956179	S	13	0	13	0.00000
Oengusvirus oengus	2734262	S	261	2	263	0.00002
